<?xml version="1.0" encoding="UTF-8"?>
<!-- Generated by org.testng.reporters.JUnitXMLReporter -->
<testsuite ignored="0" hostname="Goswamy" failures="1" tests="1" name="Test" time="9.088" errors="0" timestamp="2024-02-28T10:11:03 IST">
  <testcase classname="Runner_Scripts.Insta_Login_Runner" name="insta_Login" time="0.014">
    <failure type="java.lang.NullPointerException" message="Cannot invoke &amp;quot;org.openqa.selenium.WebElement.sendKeys(java.lang.CharSequence[])&amp;quot; because &amp;quot;this.UName&amp;quot; is null">
      <![CDATA[java.lang.NullPointerException: Cannot invoke "org.openqa.selenium.WebElement.sendKeys(java.lang.CharSequence[])" because "this.UName" is null
at POM_Scripts.Insta_Log_POM.uname_Log(Insta_Log_POM.java:24)
at Runner_Scripts.Insta_Login_Runner.insta_Login(Insta_Login_Runner.java:14)
at java.base/java.util.ArrayList.forEach(ArrayList.java:1511)
... Removed 27 stack frames]]>
    </failure>
  </testcase> <!-- insta_Login -->
</testsuite> <!-- Test -->
