<?xml version="1.0" encoding="UTF-8"?>
<testng-results ignored="0" total="1" passed="1" failed="0" skipped="0">
  <reporter-output>
  </reporter-output>
  <suite started-at="2024-02-28T19:04:53 IST" name="Default suite" finished-at="2024-02-28T19:05:14 IST" duration-ms="21598">
    <groups>
    </groups>
    <test started-at="2024-02-28T19:04:53 IST" name="Default test" finished-at="2024-02-28T19:05:14 IST" duration-ms="21598">
      <class name="Runner_Scripts.Insta_Login_Runner">
        <test-method is-config="true" signature="open_App()[pri:0, instance:Runner_Scripts.Insta_Login_Runner@3232a28a]" started-at="2024-02-28T19:04:53 IST" name="open_App" finished-at="2024-02-28T19:04:57 IST" duration-ms="4418" status="PASS">
          <reporter-output>
          </reporter-output>
        </test-method> <!-- open_App -->
        <test-method signature="insta_Login()[pri:0, instance:Runner_Scripts.Insta_Login_Runner@3232a28a]" started-at="2024-02-28T19:04:57 IST" name="insta_Login" finished-at="2024-02-28T19:05:14 IST" duration-ms="16885" status="PASS">
          <reporter-output>
          </reporter-output>
        </test-method> <!-- insta_Login -->
        <test-method is-config="true" signature="close()[pri:0, instance:Runner_Scripts.Insta_Login_Runner@3232a28a]" started-at="2024-02-28T19:05:14 IST" name="close" finished-at="2024-02-28T19:05:14 IST" duration-ms="251" status="PASS">
          <reporter-output>
          </reporter-output>
        </test-method> <!-- close -->
      </class> <!-- Runner_Scripts.Insta_Login_Runner -->
    </test> <!-- Default test -->
  </suite> <!-- Default suite -->
</testng-results>
